Arguments: 
  C:\Program Files\nodejs\node.exe C:\Program Files\nodejs\node_modules\yarn\bin\yarn.js add koa-static

PATH: 
  C:\Program Files\Git\mingw64\bin;C:\Program Files\Git\usr\bin;C:\Users\app\bin;C:\Program Files (x86)\VMware\VMware Workstation\bin;C:\Program Files (x86)\Common Files\Oracle\Java\javapath;C:\ProgramData\Boxstarter;C:\windows\system32;C:\windows;C:\windows\System32\Wbem;C:\windows\System32\WindowsPowerShell\v1.0;C:\windows\System32\OpenSSH;C:\Program Files (x86)\NVIDIA Corporation\PhysX\Common;C:\ProgramData\chocolatey\bin;C:\Users\app\AppData\Roaming\nvm;C:\Program Files\nodejs;D:\system-host\bin;C:\Users\app\AppData\Local\Yarn\bin;C:\Program Files\Git\cmd;C:\Program Files\Microsoft VS Code\bin;C:\Program Files\Java\jdk1.8.0_271;C:\Users\app\AppData\Local\Android\Sdk\platform-tools;C:\Users\app\AppData\Local\Android\Sdk\emulator;C:\Users\app\AppData\Local\Android\Sdk\tools;C:\Users\app\AppData\Local\Android\Sdk\tools\bin;C:\Users\app;C:\Users\app\AppData\Local\Microsoft\WindowsApps;D:\SoftWare\Microsoft VS Code\bin;D:\SoftWare\WebStorm 2020.1.1\bin;C:\Program Files\Bandizip;C:\Users\app\AppData\Roaming\nvm;C:\Users\app\AppData\Roaming\nvm;C:\Program Files\nodejs

Yarn version: 
  1.22.4

Node version: 
  12.3.0

Platform: 
  win32 x64

Trace: 
  Error: https://registry.npm.taobao.org/koa-send/download/koa-send-5.0.1.tgz: Request failed "500 Internal Server Error"
      at ResponseError.ExtendableBuiltin (C:\Users\app\AppData\Roaming\nvm\v12.3.0\node_modules\yarn\lib\cli.js:696:66)
      at new ResponseError (C:\Users\app\AppData\Roaming\nvm\v12.3.0\node_modules\yarn\lib\cli.js:802:124)
      at Request.<anonymous> (C:\Users\app\AppData\Roaming\nvm\v12.3.0\node_modules\yarn\lib\cli.js:67057:16)
      at Request.emit (events.js:200:13)
      at Request.module.exports.Request.onRequestResponse (C:\Users\app\AppData\Roaming\nvm\v12.3.0\node_modules\yarn\lib\cli.js:141625:10)
      at ClientRequest.emit (events.js:205:15)
      at HTTPParser.parserOnIncomingClient [as onIncoming] (_http_client.js:573:23)
      at HTTPParser.parserOnHeadersComplete (_http_common.js:116:17)
      at TLSSocket.socketOnData (_http_client.js:460:22)
      at TLSSocket.emit (events.js:200:13)

npm manifest: 
  {
    "name": "pic-upload-server",
    "version": "1.0.0",
    "main": "index.js",
    "license": "MIT",
    "dependencies": {
      "koa": "^2.13.1",
      "koa-multer": "^1.0.2",
      "koa-router": "^10.0.0",
      "koa2-cors": "^2.0.6"
    }
  }

yarn manifest: 
  No manifest

Lockfile: 
  # THIS IS AN AUTOGENERATED FILE. DO NOT EDIT THIS FILE DIRECTLY.
  # yarn lockfile v1
  
  
  accepts@^1.3.5:
    version "1.3.7"
    resolved "https://registry.npm.taobao.org/accepts/download/accepts-1.3.7.tgz#531bc726517a3b2b41f850021c6cc15eaab507cd"
    integrity sha1-UxvHJlF6OytB+FACHGzBXqq1B80=
    dependencies:
      mime-types "~2.1.24"
      negotiator "0.6.2"
  
  any-promise@^1.1.0:
    version "1.3.0"
    resolved "https://registry.npm.taobao.org/any-promise/download/any-promise-1.3.0.tgz#abc6afeedcea52e809cdc0376aed3ce39635d17f"
    integrity sha1-q8av7tzqUugJzcA3au0845Y10X8=
  
  append-field@^0.1.0:
    version "0.1.0"
    resolved "https://registry.npm.taobao.org/append-field/download/append-field-0.1.0.tgz#6ddc58fa083c7bc545d3c5995b2830cc2366d44a"
    integrity sha1-bdxY+gg8e8VF08WZWygwzCNm1Eo=
  
  buffer-from@^1.0.0:
    version "1.1.1"
    resolved "https://registry.npm.taobao.org/buffer-from/download/buffer-from-1.1.1.tgz#32713bc028f75c02fdb710d7c7bcec1f2c6070ef"
    integrity sha1-MnE7wCj3XAL9txDXx7zsHyxgcO8=
  
  busboy@^0.2.11:
    version "0.2.14"
    resolved "https://registry.npm.taobao.org/busboy/download/busboy-0.2.14.tgz#6c2a622efcf47c57bbbe1e2a9c37ad36c7925453"
    integrity sha1-bCpiLvz0fFe7vh4qnDetNseSVFM=
    dependencies:
      dicer "0.2.5"
      readable-stream "1.1.x"
  
  cache-content-type@^1.0.0:
    version "1.0.1"
    resolved "https://registry.npm.taobao.org/cache-content-type/download/cache-content-type-1.0.1.tgz#035cde2b08ee2129f4a8315ea8f00a00dba1453c"
    integrity sha1-A1zeKwjuISn0qDFeqPAKANuhRTw=
    dependencies:
      mime-types "^2.1.18"
      ylru "^1.2.0"
  
  co@^4.6.0:
    version "4.6.0"
    resolved "https://registry.npm.taobao.org/co/download/co-4.6.0.tgz#6ea6bdf3d853ae54ccb8e47bfa0bf3f9031fb184"
    integrity sha1-bqa989hTrlTMuOR7+gvz+QMfsYQ=
  
  concat-stream@^1.5.0:
    version "1.6.2"
    resolved "https://registry.npm.taobao.org/concat-stream/download/concat-stream-1.6.2.tgz#904bdf194cd3122fc675c77fc4ac3d4ff0fd1a34"
    integrity sha1-kEvfGUzTEi/Gdcd/xKw9T/D9GjQ=
    dependencies:
      buffer-from "^1.0.0"
      inherits "^2.0.3"
      readable-stream "^2.2.2"
      typedarray "^0.0.6"
  
  content-disposition@~0.5.2:
    version "0.5.3"
    resolved "https://registry.npm.taobao.org/content-disposition/download/content-disposition-0.5.3.tgz#e130caf7e7279087c5616c2007d0485698984fbd"
    integrity sha1-4TDK9+cnkIfFYWwgB9BIVpiYT70=
    dependencies:
      safe-buffer "5.1.2"
  
  content-type@^1.0.4:
    version "1.0.4"
    resolved "https://registry.npm.taobao.org/content-type/download/content-type-1.0.4.tgz#e138cc75e040c727b1966fe5e5f8c9aee256fe3b"
    integrity sha1-4TjMdeBAxyexlm/l5fjJruJW/js=
  
  cookies@~0.8.0:
    version "0.8.0"
    resolved "https://registry.npm.taobao.org/cookies/download/cookies-0.8.0.tgz#1293ce4b391740a8406e3c9870e828c4b54f3f90"
    integrity sha1-EpPOSzkXQKhAbjyYcOgoxLVPP5A=
    dependencies:
      depd "~2.0.0"
      keygrip "~1.1.0"
  
  core-util-is@~1.0.0:
    version "1.0.2"
    resolved "https://registry.npm.taobao.org/core-util-is/download/core-util-is-1.0.2.tgz#b5fd54220aa2bc5ab57aab7140c940754503c1a7"
    integrity sha1-tf1UIgqivFq1eqtxQMlAdUUDwac=
  
  debug@^4.1.1:
    version "4.3.1"
    resolved "https://registry.npm.taobao.org/debug/download/debug-4.3.1.tgz?cache=0&sync_timestamp=1607566537361&other_urls=https%3A%2F%2Fregistry.npm.taobao.org%2Fdebug%2Fdownload%2Fdebug-4.3.1.tgz#f0d229c505e0c6d8c49ac553d1b13dc183f6b2ee"
    integrity sha1-8NIpxQXgxtjEmsVT0bE9wYP2su4=
    dependencies:
      ms "2.1.2"
  
  debug@~3.1.0:
    version "3.1.0"
    resolved "https://registry.npm.taobao.org/debug/download/debug-3.1.0.tgz?cache=0&sync_timestamp=1607566537361&other_urls=https%3A%2F%2Fregistry.npm.taobao.org%2Fdebug%2Fdownload%2Fdebug-3.1.0.tgz#5bb5a0672628b64149566ba16819e61518c67261"
    integrity sha1-W7WgZyYotkFJVmuhaBnmFRjGcmE=
    dependencies:
      ms "2.0.0"
  
  deep-equal@~1.0.1:
    version "1.0.1"
    resolved "https://registry.npm.taobao.org/deep-equal/download/deep-equal-1.0.1.tgz?cache=0&sync_timestamp=1606860754950&other_urls=https%3A%2F%2Fregistry.npm.taobao.org%2Fdeep-equal%2Fdownload%2Fdeep-equal-1.0.1.tgz#f5d260292b660e084eff4cdbc9f08ad3247448b5"
    integrity sha1-9dJgKStmDghO/0zbyfCK0yR0SLU=
  
  delegates@^1.0.0:
    version "1.0.0"
    resolved "https://registry.npm.taobao.org/delegates/download/delegates-1.0.0.tgz#84c6e159b81904fdca59a0ef44cd870d31250f9a"
    integrity sha1-hMbhWbgZBP3KWaDvRM2HDTElD5o=
  
  depd@^2.0.0, depd@~2.0.0:
    version "2.0.0"
    resolved "https://registry.npm.taobao.org/depd/download/depd-2.0.0.tgz#b696163cc757560d09cf22cc8fad1571b79e76df"
    integrity sha1-tpYWPMdXVg0JzyLMj60Vcbeedt8=
  
  depd@~1.1.2:
    version "1.1.2"
    resolved "https://registry.npm.taobao.org/depd/download/depd-1.1.2.tgz#9bcd52e14c097763e749b274c4346ed2e560b5a9"
    integrity sha1-m81S4UwJd2PnSbJ0xDRu0uVgtak=
  
  destroy@^1.0.4:
    version "1.0.4"
    resolved "https://registry.npm.taobao.org/destroy/download/destroy-1.0.4.tgz#978857442c44749e4206613e37946205826abd80"
    integrity sha1-l4hXRCxEdJ5CBmE+N5RiBYJqvYA=
  
  dicer@0.2.5:
    version "0.2.5"
    resolved "https://registry.npm.taobao.org/dicer/download/dicer-0.2.5.tgz#5996c086bb33218c812c090bddc09cd12facb70f"
    integrity sha1-WZbAhrszIYyBLAkL3cCc0S+stw8=
    dependencies:
      readable-stream "1.1.x"
      streamsearch "0.1.2"
  
  ee-first@1.1.1:
    version "1.1.1"
    resolved "https://registry.npm.taobao.org/ee-first/download/ee-first-1.1.1.tgz#590c61156b0ae2f4f0255732a158b266bc56b21d"
    integrity sha1-WQxhFWsK4vTwJVcyoViyZrxWsh0=
  
  encodeurl@^1.0.2:
    version "1.0.2"
    resolved "https://registry.npm.taobao.org/encodeurl/download/encodeurl-1.0.2.tgz#ad3ff4c86ec2d029322f5a02c3a9a606c95b3f59"
    integrity sha1-rT/0yG7C0CkyL1oCw6mmBslbP1k=
  
  escape-html@^1.0.3:
    version "1.0.3"
    resolved "https://registry.npm.taobao.org/escape-html/download/escape-html-1.0.3.tgz#0258eae4d3d0c0974de1c169188ef0051d1d1988"
    integrity sha1-Aljq5NPQwJdN4cFpGI7wBR0dGYg=
  
  fresh@~0.5.2:
    version "0.5.2"
    resolved "https://registry.npm.taobao.org/fresh/download/fresh-0.5.2.tgz#3d8cadd90d976569fa835ab1f8e4b23a105605a7"
    integrity sha1-PYyt2Q2XZWn6g1qx+OSyOhBWBac=
  
  http-assert@^1.3.0:
    version "1.4.1"
    resolved "https://registry.npm.taobao.org/http-assert/download/http-assert-1.4.1.tgz#c5f725d677aa7e873ef736199b89686cceb37878"
    integrity sha1-xfcl1neqfoc+9zYZm4lobM6zeHg=
    dependencies:
      deep-equal "~1.0.1"
      http-errors "~1.7.2"
  
  http-errors@^1.6.3, http-errors@^1.7.3:
    version "1.8.0"
    resolved "https://registry.npm.taobao.org/http-errors/download/http-errors-1.8.0.tgz?cache=0&sync_timestamp=1593407634112&other_urls=https%3A%2F%2Fregistry.npm.taobao.org%2Fhttp-errors%2Fdownload%2Fhttp-errors-1.8.0.tgz#75d1bbe497e1044f51e4ee9e704a62f28d336507"
    integrity sha1-ddG75JfhBE9R5O6ecEpi8o0zZQc=
    dependencies:
      depd "~1.1.2"
      inherits "2.0.4"
      setprototypeof "1.2.0"
      statuses ">= 1.5.0 < 2"
      toidentifier "1.0.0"
  
  http-errors@~1.7.2:
    version "1.7.3"
    resolved "https://registry.npm.taobao.org/http-errors/download/http-errors-1.7.3.tgz?cache=0&sync_timestamp=1593407634112&other_urls=https%3A%2F%2Fregistry.npm.taobao.org%2Fhttp-errors%2Fdownload%2Fhttp-errors-1.7.3.tgz#6c619e4f9c60308c38519498c14fbb10aacebb06"
    integrity sha1-bGGeT5xgMIw4UZSYwU+7EKrOuwY=
    dependencies:
      depd "~1.1.2"
      inherits "2.0.4"
      setprototypeof "1.1.1"
      statuses ">= 1.5.0 < 2"
      toidentifier "1.0.0"
  
  inherits@2.0.4, inherits@^2.0.3, inherits@~2.0.1, inherits@~2.0.3:
    version "2.0.4"
    resolved "https://registry.npm.taobao.org/inherits/download/inherits-2.0.4.tgz#0fa2c64f932917c3433a0ded55363aae37416b7c"
    integrity sha1-D6LGT5MpF8NDOg3tVTY6rjdBa3w=
  
  is-generator-function@^1.0.7:
    version "1.0.8"
    resolved "https://registry.npm.taobao.org/is-generator-function/download/is-generator-function-1.0.8.tgz#dfb5c2b120e02b0a8d9d2c6806cd5621aa922f7b"
    integrity sha1-37XCsSDgKwqNnSxoBs1WIaqSL3s=
  
  isarray@0.0.1:
    version "0.0.1"
    resolved "https://registry.npm.taobao.org/isarray/download/isarray-0.0.1.tgz#8a18acfca9a8f4177e09abfc6038939b05d1eedf"
    integrity sha1-ihis/Kmo9Bd+Cav8YDiTmwXR7t8=
  
  isarray@~1.0.0:
    version "1.0.0"
    resolved "https://registry.npm.taobao.org/isarray/download/isarray-1.0.0.tgz#bb935d48582cba168c06834957a54a3e07124f11"
    integrity sha1-u5NdSFgsuhaMBoNJV6VKPgcSTxE=
  
  keygrip@~1.1.0:
    version "1.1.0"
    resolved "https://registry.npm.taobao.org/keygrip/download/keygrip-1.1.0.tgz#871b1681d5e159c62a445b0c74b615e0917e7226"
    integrity sha1-hxsWgdXhWcYqRFsMdLYV4JF+ciY=
    dependencies:
      tsscmp "1.0.6"
  
  koa-compose@^3.0.0:
    version "3.2.1"
    resolved "https://registry.npm.taobao.org/koa-compose/download/koa-compose-3.2.1.tgz?cache=0&sync_timestamp=1599805339337&other_urls=https%3A%2F%2Fregistry.npm.taobao.org%2Fkoa-compose%2Fdownload%2Fkoa-compose-3.2.1.tgz#a85ccb40b7d986d8e5a345b3a1ace8eabcf54de7"
    integrity sha1-qFzLQLfZhtjlo0Wzoazo6rz1Tec=
    dependencies:
      any-promise "^1.1.0"
  
  koa-compose@^4.1.0:
    version "4.1.0"
    resolved "https://registry.npm.taobao.org/koa-compose/download/koa-compose-4.1.0.tgz?cache=0&sync_timestamp=1599805339337&other_urls=https%3A%2F%2Fregistry.npm.taobao.org%2Fkoa-compose%2Fdownload%2Fkoa-compose-4.1.0.tgz#507306b9371901db41121c812e923d0d67d3e877"
    integrity sha1-UHMGuTcZAdtBEhyBLpI9DWfT6Hc=
  
  koa-convert@^1.2.0:
    version "1.2.0"
    resolved "https://registry.npm.taobao.org/koa-convert/download/koa-convert-1.2.0.tgz?cache=0&sync_timestamp=1599761789317&other_urls=https%3A%2F%2Fregistry.npm.taobao.org%2Fkoa-convert%2Fdownload%2Fkoa-convert-1.2.0.tgz#da40875df49de0539098d1700b50820cebcd21d0"
    integrity sha1-2kCHXfSd4FOQmNFwC1CCDOvNIdA=
    dependencies:
      co "^4.6.0"
      koa-compose "^3.0.0"
  
  koa-multer@^1.0.2:
    version "1.0.2"
    resolved "https://registry.npm.taobao.org/koa-multer/download/koa-multer-1.0.2.tgz#d38f7ffd1db97b1aad33e7774732f000ebd67259"
    integrity sha1-049//R25exqtM+d3RzLwAOvWclk=
    dependencies:
      multer "1.3.0"
  
  koa-router@^10.0.0:
    version "10.0.0"
    resolved "https://registry.npm.taobao.org/koa-router/download/koa-router-10.0.0.tgz#7bc76a031085731e61fc92c1683687b2f44de6a4"
    integrity sha1-e8dqAxCFcx5h/JLBaDaHsvRN5qQ=
    dependencies:
      debug "^4.1.1"
      http-errors "^1.7.3"
      koa-compose "^4.1.0"
      methods "^1.1.2"
      path-to-regexp "^6.1.0"
  
  koa2-cors@^2.0.6:
    version "2.0.6"
    resolved "https://registry.npm.taobao.org/koa2-cors/download/koa2-cors-2.0.6.tgz#9ad23df3a0b9bb84530b46f5944f3fb576086554"
    integrity sha1-mtI986C5u4RTC0b1lE8/tXYIZVQ=
  
  koa@^2.13.1:
    version "2.13.1"
    resolved "https://registry.npm.taobao.org/koa/download/koa-2.13.1.tgz#6275172875b27bcfe1d454356a5b6b9f5a9b1051"
    integrity sha1-YnUXKHWye8/h1FQ1altrn1qbEFE=
    dependencies:
      accepts "^1.3.5"
      cache-content-type "^1.0.0"
      content-disposition "~0.5.2"
      content-type "^1.0.4"
      cookies "~0.8.0"
      debug "~3.1.0"
      delegates "^1.0.0"
      depd "^2.0.0"
      destroy "^1.0.4"
      encodeurl "^1.0.2"
      escape-html "^1.0.3"
      fresh "~0.5.2"
      http-assert "^1.3.0"
      http-errors "^1.6.3"
      is-generator-function "^1.0.7"
      koa-compose "^4.1.0"
      koa-convert "^1.2.0"
      on-finished "^2.3.0"
      only "~0.0.2"
      parseurl "^1.3.2"
      statuses "^1.5.0"
      type-is "^1.6.16"
      vary "^1.1.2"
  
  media-typer@0.3.0:
    version "0.3.0"
    resolved "https://registry.npm.taobao.org/media-typer/download/media-typer-0.3.0.tgz#8710d7af0aa626f8fffa1ce00168545263255748"
    integrity sha1-hxDXrwqmJvj/+hzgAWhUUmMlV0g=
  
  methods@^1.1.2:
    version "1.1.2"
    resolved "https://registry.npm.taobao.org/methods/download/methods-1.1.2.tgz#5529a4d67654134edcc5266656835b0f851afcee"
    integrity sha1-VSmk1nZUE07cxSZmVoNbD4Ua/O4=
  
  mime-db@1.45.0:
    version "1.45.0"
    resolved "https://registry.npm.taobao.org/mime-db/download/mime-db-1.45.0.tgz?cache=0&sync_timestamp=1600831117178&other_urls=https%3A%2F%2Fregistry.npm.taobao.org%2Fmime-db%2Fdownload%2Fmime-db-1.45.0.tgz#cceeda21ccd7c3a745eba2decd55d4b73e7879ea"
    integrity sha1-zO7aIczXw6dF66LezVXUtz54eeo=
  
  mime-types@^2.1.18, mime-types@~2.1.24:
    version "2.1.28"
    resolved "https://registry.npm.taobao.org/mime-types/download/mime-types-2.1.28.tgz?cache=0&sync_timestamp=1609559940028&other_urls=https%3A%2F%2Fregistry.npm.taobao.org%2Fmime-types%2Fdownload%2Fmime-types-2.1.28.tgz#1160c4757eab2c5363888e005273ecf79d2a0ecd"
    integrity sha1-EWDEdX6rLFNjiI4AUnPs950qDs0=
    dependencies:
      mime-db "1.45.0"
  
  minimist@^1.2.5:
    version "1.2.5"
    resolved "https://registry.npm.taobao.org/minimist/download/minimist-1.2.5.tgz#67d66014b66a6a8aaa0c083c5fd58df4e4e97602"
    integrity sha1-Z9ZgFLZqaoqqDAg8X9WN9OTpdgI=
  
  mkdirp@^0.5.1:
    version "0.5.5"
    resolved "https://registry.npm.taobao.org/mkdirp/download/mkdirp-0.5.5.tgz#d91cefd62d1436ca0f41620e251288d420099def"
    integrity sha1-2Rzv1i0UNsoPQWIOJRKI1CAJne8=
    dependencies:
      minimist "^1.2.5"
  
  ms@2.0.0:
    version "2.0.0"
    resolved "https://registry.npm.taobao.org/ms/download/ms-2.0.0.tgz?cache=0&sync_timestamp=1607433899126&other_urls=https%3A%2F%2Fregistry.npm.taobao.org%2Fms%2Fdownload%2Fms-2.0.0.tgz#5608aeadfc00be6c2901df5f9861788de0d597c8"
    integrity sha1-VgiurfwAvmwpAd9fmGF4jeDVl8g=
  
  ms@2.1.2:
    version "2.1.2"
    resolved "https://registry.npm.taobao.org/ms/download/ms-2.1.2.tgz?cache=0&sync_timestamp=1607433899126&other_urls=https%3A%2F%2Fregistry.npm.taobao.org%2Fms%2Fdownload%2Fms-2.1.2.tgz#d09d1f357b443f493382a8eb3ccd183872ae6009"
    integrity sha1-0J0fNXtEP0kzgqjrPM0YOHKuYAk=
  
  multer@1.3.0:
    version "1.3.0"
    resolved "https://registry.npm.taobao.org/multer/download/multer-1.3.0.tgz#092b2670f6846fa4914965efc8cf94c20fec6cd2"
    integrity sha1-CSsmcPaEb6SRSWXvyM+Uwg/sbNI=
    dependencies:
      append-field "^0.1.0"
      busboy "^0.2.11"
      concat-stream "^1.5.0"
      mkdirp "^0.5.1"
      object-assign "^3.0.0"
      on-finished "^2.3.0"
      type-is "^1.6.4"
      xtend "^4.0.0"
  
  negotiator@0.6.2:
    version "0.6.2"
    resolved "https://registry.npm.taobao.org/negotiator/download/negotiator-0.6.2.tgz#feacf7ccf525a77ae9634436a64883ffeca346fb"
    integrity sha1-/qz3zPUlp3rpY0Q2pkiD/+yjRvs=
  
  object-assign@^3.0.0:
    version "3.0.0"
    resolved "https://registry.npm.taobao.org/object-assign/download/object-assign-3.0.0.tgz#9bedd5ca0897949bca47e7ff408062d549f587f2"
    integrity sha1-m+3VygiXlJvKR+f/QIBi1Un1h/I=
  
  on-finished@^2.3.0:
    version "2.3.0"
    resolved "https://registry.npm.taobao.org/on-finished/download/on-finished-2.3.0.tgz#20f1336481b083cd75337992a16971aa2d906947"
    integrity sha1-IPEzZIGwg811M3mSoWlxqi2QaUc=
    dependencies:
      ee-first "1.1.1"
  
  only@~0.0.2:
    version "0.0.2"
    resolved "https://registry.npm.taobao.org/only/download/only-0.0.2.tgz#2afde84d03e50b9a8edc444e30610a70295edfb4"
    integrity sha1-Kv3oTQPlC5qO3EROMGEKcCle37Q=
  
  parseurl@^1.3.2:
    version "1.3.3"
    resolved "https://registry.npm.taobao.org/parseurl/download/parseurl-1.3.3.tgz#9da19e7bee8d12dff0513ed5b76957793bc2e8d4"
    integrity sha1-naGee+6NEt/wUT7Vt2lXeTvC6NQ=
  
  path-to-regexp@^6.1.0:
    version "6.2.0"
    resolved "https://registry.npm.taobao.org/path-to-regexp/download/path-to-regexp-6.2.0.tgz?cache=0&sync_timestamp=1601400328354&other_urls=https%3A%2F%2Fregistry.npm.taobao.org%2Fpath-to-regexp%2Fdownload%2Fpath-to-regexp-6.2.0.tgz#f7b3803336104c346889adece614669230645f38"
    integrity sha1-97OAMzYQTDRoia3s5hRmkjBkXzg=
  
  process-nextick-args@~2.0.0:
    version "2.0.1"
    resolved "https://registry.npm.taobao.org/process-nextick-args/download/process-nextick-args-2.0.1.tgz#7820d9b16120cc55ca9ae7792680ae7dba6d7fe2"
    integrity sha1-eCDZsWEgzFXKmud5JoCufbptf+I=
  
  readable-stream@1.1.x:
    version "1.1.14"
    resolved "https://registry.npm.taobao.org/readable-stream/download/readable-stream-1.1.14.tgz#7cf4c54ef648e3813084c636dd2079e166c081d9"
    integrity sha1-fPTFTvZI44EwhMY23SB54WbAgdk=
    dependencies:
      core-util-is "~1.0.0"
      inherits "~2.0.1"
      isarray "0.0.1"
      string_decoder "~0.10.x"
  
  readable-stream@^2.2.2:
    version "2.3.7"
    resolved "https://registry.npm.taobao.org/readable-stream/download/readable-stream-2.3.7.tgz#1eca1cf711aef814c04f62252a36a62f6cb23b57"
    integrity sha1-Hsoc9xGu+BTAT2IlKjamL2yyO1c=
    dependencies:
      core-util-is "~1.0.0"
      inherits "~2.0.3"
      isarray "~1.0.0"
      process-nextick-args "~2.0.0"
      safe-buffer "~5.1.1"
      string_decoder "~1.1.1"
      util-deprecate "~1.0.1"
  
  safe-buffer@5.1.2, safe-buffer@~5.1.0, safe-buffer@~5.1.1:
    version "5.1.2"
    resolved "https://registry.npm.taobao.org/safe-buffer/download/safe-buffer-5.1.2.tgz#991ec69d296e0313747d59bdfd2b745c35f8828d"
    integrity sha1-mR7GnSluAxN0fVm9/St0XDX4go0=
  
  setprototypeof@1.1.1:
    version "1.1.1"
    resolved "https://registry.npm.taobao.org/setprototypeof/download/setprototypeof-1.1.1.tgz#7e95acb24aa92f5885e0abef5ba131330d4ae683"
    integrity sha1-fpWsskqpL1iF4KvvW6ExMw1K5oM=
  
  setprototypeof@1.2.0:
    version "1.2.0"
    resolved "https://registry.npm.taobao.org/setprototypeof/download/setprototypeof-1.2.0.tgz#66c9a24a73f9fc28cbe66b09fed3d33dcaf1b424"
    integrity sha1-ZsmiSnP5/CjL5msJ/tPTPcrxtCQ=
  
  "statuses@>= 1.5.0 < 2", statuses@^1.5.0:
    version "1.5.0"
    resolved "https://registry.npm.taobao.org/statuses/download/statuses-1.5.0.tgz?cache=0&sync_timestamp=1609654090567&other_urls=https%3A%2F%2Fregistry.npm.taobao.org%2Fstatuses%2Fdownload%2Fstatuses-1.5.0.tgz#161c7dac177659fd9811f43771fa99381478628c"
    integrity sha1-Fhx9rBd2Wf2YEfQ3cfqZOBR4Yow=
  
  streamsearch@0.1.2:
    version "0.1.2"
    resolved "https://registry.npm.taobao.org/streamsearch/download/streamsearch-0.1.2.tgz#808b9d0e56fc273d809ba57338e929919a1a9f1a"
    integrity sha1-gIudDlb8Jz2Am6VzOOkpkZoanxo=
  
  string_decoder@~0.10.x:
    version "0.10.31"
    resolved "https://registry.npm.taobao.org/string_decoder/download/string_decoder-0.10.31.tgz#62e203bc41766c6c28c9fc84301dab1c5310fa94"
    integrity sha1-YuIDvEF2bGwoyfyEMB2rHFMQ+pQ=
  
  string_decoder@~1.1.1:
    version "1.1.1"
    resolved "https://registry.npm.taobao.org/string_decoder/download/string_decoder-1.1.1.tgz#9cf1611ba62685d7030ae9e4ba34149c3af03fc8"
    integrity sha1-nPFhG6YmhdcDCunkujQUnDrwP8g=
    dependencies:
      safe-buffer "~5.1.0"
  
  toidentifier@1.0.0:
    version "1.0.0"
    resolved "https://registry.npm.taobao.org/toidentifier/download/toidentifier-1.0.0.tgz#7e1be3470f1e77948bc43d94a3c8f4d7752ba553"
    integrity sha1-fhvjRw8ed5SLxD2Uo8j013UrpVM=
  
  tsscmp@1.0.6:
    version "1.0.6"
    resolved "https://registry.npm.taobao.org/tsscmp/download/tsscmp-1.0.6.tgz#85b99583ac3589ec4bfef825b5000aa911d605eb"
    integrity sha1-hbmVg6w1iexL/vgltQAKqRHWBes=
  
  type-is@^1.6.16, type-is@^1.6.4:
    version "1.6.18"
    resolved "https://registry.npm.taobao.org/type-is/download/type-is-1.6.18.tgz#4e552cd05df09467dcbc4ef739de89f2cf37c131"
    integrity sha1-TlUs0F3wlGfcvE73Od6J8s83wTE=
    dependencies:
      media-typer "0.3.0"
      mime-types "~2.1.24"
  
  typedarray@^0.0.6:
    version "0.0.6"
    resolved "https://registry.npm.taobao.org/typedarray/download/typedarray-0.0.6.tgz#867ac74e3864187b1d3d47d996a78ec5c8830777"
    integrity sha1-hnrHTjhkGHsdPUfZlqeOxciDB3c=
  
  util-deprecate@~1.0.1:
    version "1.0.2"
    resolved "https://registry.npm.taobao.org/util-deprecate/download/util-deprecate-1.0.2.tgz#450d4dc9fa70de732762fbd2d4a28981419a0ccf"
    integrity sha1-RQ1Nyfpw3nMnYvvS1KKJgUGaDM8=
  
  vary@^1.1.2:
    version "1.1.2"
    resolved "https://registry.npm.taobao.org/vary/download/vary-1.1.2.tgz#2299f02c6ded30d4a5961b0b9f74524a18f634fc"
    integrity sha1-IpnwLG3tMNSllhsLn3RSShj2NPw=
  
  xtend@^4.0.0:
    version "4.0.2"
    resolved "https://registry.npm.taobao.org/xtend/download/xtend-4.0.2.tgz#bb72779f5fa465186b1f438f674fa347fdb5db54"
    integrity sha1-u3J3n1+kZRhrH0OPZ0+jR/2121Q=
  
  ylru@^1.2.0:
    version "1.2.1"
    resolved "https://registry.npm.taobao.org/ylru/download/ylru-1.2.1.tgz#f576b63341547989c1de7ba288760923b27fe84f"
    integrity sha1-9Xa2M0FUeYnB3nuiiHYJI7J/6E8=
